{"sessionId": "e69ff4", "runId": "onboarding", "hypothesisId": "H3", "location": "orchestrator/api/onboarding.py", "message": "preflight suggestions built", "data": {"confidence": "high", "notes_count": 3, "score": 6}, "timestamp": 1774954960689}
{"sessionId": "e69ff4", "runId": "onboarding", "hypothesisId": "H1", "location": "orchestrator/api/onboarding.py", "message": "scaffold called", "data": {"target_dir": "/app/workers/completion/snowflake", "exists": false, "overwrite": false}, "timestamp": 1774955045679}
{"sessionId": "e69ff4", "runId": "onboarding", "hypothesisId": "H2", "location": "orchestrator/api/onboarding.py", "message": "build context prepared", "data": {"task_type": "completion", "model_id": "snowflake", "file_count": 236, "stage_dir": "/tmp/pcpp_build_completion_snowflake_tgx4mty6"}, "timestamp": 1774955048487}
{"sessionId": "e69ff4", "runId": "cbc79c64631f4d05814346c129e795c6", "hypothesisId": "H4", "location": "orchestrator/api/onboarding.py", "message": "docker build start", "data": {"run_id": "cbc79c64631f4d05814346c129e795c6", "tag": "pcpp-completion-snowflake:gpu", "no_cache": false}, "timestamp": 1774955048488}
{"sessionId": "e69ff4", "runId": "onboarding", "hypothesisId": "H1", "location": "orchestrator/api/onboarding.py", "message": "scaffold called", "data": {"target_dir": "/app/workers/completion/snowflake", "exists": true, "overwrite": false}, "timestamp": 1774955276302}
{"sessionId": "e69ff4", "runId": "onboarding", "hypothesisId": "H1", "location": "orchestrator/api/onboarding.py", "message": "scaffold called", "data": {"target_dir": "/app/workers/completion/snowflake", "exists": true, "overwrite": true}, "timestamp": 1774955292278}
{"sessionId": "e69ff4", "runId": "onboarding", "hypothesisId": "H2", "location": "orchestrator/api/onboarding.py", "message": "build context prepared", "data": {"task_type": "completion", "model_id": "snowflake", "file_count": 236, "stage_dir": "/tmp/pcpp_build_completion_snowflake_wc_ybbqw"}, "timestamp": 1774955294860}
{"sessionId": "e69ff4", "runId": "9d9458327cb34af38b7dbe599f5cb84e", "hypothesisId": "H4", "location": "orchestrator/api/onboarding.py", "message": "docker build start", "data": {"run_id": "9d9458327cb34af38b7dbe599f5cb84e", "tag": "pcpp-completion-snowflake:gpu", "no_cache": false}, "timestamp": 1774955294862}
{"sessionId": "e69ff4", "runId": "onboarding", "hypothesisId": "H1", "location": "orchestrator/api/onboarding.py", "message": "scaffold called", "data": {"target_dir": "/app/workers/completion/snowflake", "exists": true, "overwrite": true}, "timestamp": 1774955569819}
{"sessionId": "e69ff4", "runId": "onboarding", "hypothesisId": "H2", "location": "orchestrator/api/onboarding.py", "message": "build context prepared", "data": {"task_type": "completion", "model_id": "snowflake", "file_count": 236, "stage_dir": "/tmp/pcpp_build_completion_snowflake_3a4stzw7"}, "timestamp": 1774955572402}
{"sessionId": "e69ff4", "runId": "bab5567893054dc68f857544391de7c7", "hypothesisId": "H4", "location": "orchestrator/api/onboarding.py", "message": "docker build start", "data": {"run_id": "bab5567893054dc68f857544391de7c7", "tag": "pcpp-completion-snowflake:gpu", "no_cache": false}, "timestamp": 1774955572403}
{"sessionId": "e69ff4", "runId": "onboarding", "hypothesisId": "H1", "location": "orchestrator/api/onboarding.py", "message": "scaffold called", "data": {"target_dir": "/app/workers/completion/snowflake", "exists": false, "overwrite": false}, "timestamp": 1774956042553}
{"sessionId": "e69ff4", "runId": "onboarding", "hypothesisId": "H2", "location": "orchestrator/api/onboarding.py", "message": "build context prepared", "data": {"task_type": "completion", "model_id": "snowflake", "file_count": 236, "stage_dir": "/tmp/pcpp_build_completion_snowflake_6e0thlq3"}, "timestamp": 1774956045191}
{"sessionId": "e69ff4", "runId": "421538f6e3fa4511b8a27ada8747eeab", "hypothesisId": "H4", "location": "orchestrator/api/onboarding.py", "message": "docker build start", "data": {"run_id": "421538f6e3fa4511b8a27ada8747eeab", "tag": "pcpp-completion-snowflake:gpu", "no_cache": false}, "timestamp": 1774956045192}
{"sessionId": "e69ff4", "runId": "onboarding", "hypothesisId": "H1", "location": "orchestrator/api/onboarding.py", "message": "scaffold called", "data": {"target_dir": "/app/workers/completion/snowflake", "exists": true, "overwrite": true}, "timestamp": 1774956242151}
{"sessionId": "e69ff4", "runId": "onboarding", "hypothesisId": "H2", "location": "orchestrator/api/onboarding.py", "message": "build context prepared", "data": {"task_type": "completion", "model_id": "snowflake", "file_count": 236, "stage_dir": "/tmp/pcpp_build_completion_snowflake_hcl759zr"}, "timestamp": 1774956244791}
{"sessionId": "e69ff4", "runId": "548cdb9982e4414f98a1d5a2e3a0ef7e", "hypothesisId": "H4", "location": "orchestrator/api/onboarding.py", "message": "docker build start", "data": {"run_id": "548cdb9982e4414f98a1d5a2e3a0ef7e", "tag": "pcpp-completion-snowflake:gpu", "no_cache": false}, "timestamp": 1774956244792}
{"sessionId": "e69ff4", "runId": "onboarding", "hypothesisId": "H1", "location": "orchestrator/api/onboarding.py", "message": "scaffold called", "data": {"target_dir": "/app/workers/completion/snowflake", "exists": false, "overwrite": true}, "timestamp": 1774957108016}
{"sessionId": "e69ff4", "runId": "onboarding", "hypothesisId": "H2", "location": "orchestrator/api/onboarding.py", "message": "build context prepared", "data": {"task_type": "completion", "model_id": "snowflake", "file_count": 236, "stage_dir": "/tmp/pcpp_build_completion_snowflake_bm64g8y8"}, "timestamp": 1774957110591}
{"sessionId": "e69ff4", "runId": "60cc49d115764e22b051c79c2e7dd42f", "hypothesisId": "H4", "location": "orchestrator/api/onboarding.py", "message": "docker build start", "data": {"run_id": "60cc49d115764e22b051c79c2e7dd42f", "tag": "pcpp-completion-snowflake:gpu", "no_cache": false}, "timestamp": 1774957110593}
{"sessionId": "e69ff4", "runId": "onboarding", "hypothesisId": "H1", "location": "orchestrator/api/onboarding.py", "message": "scaffold called", "data": {"target_dir": "/app/workers/completion/snowflake", "exists": false, "overwrite": true}, "timestamp": 1774958107565}
{"sessionId": "e69ff4", "runId": "onboarding", "hypothesisId": "H2", "location": "orchestrator/api/onboarding.py", "message": "build context prepared", "data": {"task_type": "completion", "model_id": "snowflake", "file_count": 236, "stage_dir": "/tmp/pcpp_build_completion_snowflake_hbhg69dr"}, "timestamp": 1774958110166}
{"sessionId": "e69ff4", "runId": "d1d276b4e0564960a04378c836a12508", "hypothesisId": "H4", "location": "orchestrator/api/onboarding.py", "message": "docker build start", "data": {"run_id": "d1d276b4e0564960a04378c836a12508", "tag": "pcpp-completion-snowflake:gpu", "no_cache": false}, "timestamp": 1774958110167}
{"sessionId": "e69ff4", "runId": "onboarding", "hypothesisId": "H1", "location": "orchestrator/api/onboarding.py", "message": "scaffold called", "data": {"target_dir": "/app/workers/completion/snowflake", "exists": false, "overwrite": true}, "timestamp": 1774959348711}
{"sessionId": "e69ff4", "runId": "onboarding", "hypothesisId": "H2", "location": "orchestrator/api/onboarding.py", "message": "build context prepared", "data": {"task_type": "completion", "model_id": "snowflake", "file_count": 236, "stage_dir": "/tmp/pcpp_build_completion_snowflake_x6cqnq4i"}, "timestamp": 1774959351333}
{"sessionId": "e69ff4", "runId": "e6ca5e721f2540eaa2e56f352aaca547", "hypothesisId": "H4", "location": "orchestrator/api/onboarding.py", "message": "docker build start", "data": {"run_id": "e6ca5e721f2540eaa2e56f352aaca547", "tag": "pcpp-completion-snowflake:gpu", "no_cache": false}, "timestamp": 1774959351335}
{"sessionId": "e69ff4", "runId": "onboarding", "hypothesisId": "H1", "location": "orchestrator/api/onboarding.py", "message": "scaffold called", "data": {"target_dir": "/app/workers/completion/snowflake", "exists": true, "overwrite": true}, "timestamp": 1774959687287}
{"sessionId": "e69ff4", "runId": "onboarding", "hypothesisId": "H2", "location": "orchestrator/api/onboarding.py", "message": "build context prepared", "data": {"task_type": "completion", "model_id": "snowflake", "file_count": 236, "stage_dir": "/tmp/pcpp_build_completion_snowflake_l6gtiy58"}, "timestamp": 1774959689948}
{"sessionId": "e69ff4", "runId": "7b67d8aba237438fa46483c63956e30d", "hypothesisId": "H4", "location": "orchestrator/api/onboarding.py", "message": "docker build start", "data": {"run_id": "7b67d8aba237438fa46483c63956e30d", "tag": "pcpp-completion-snowflake:gpu", "no_cache": false}, "timestamp": 1774959689949}
